21:14:08 **** Incremental Build of configuration Nios II for project final_project_collector_v4 ****
make all 
Info: Building ../final_project_collector_v4_bsp/
C:/intelFPGA_lite/16.1/nios2eds/bin/gnu/H-x86_64-mingw32/bin/make --no-print-directory -C ../final_project_collector_v4_bsp/
[BSP build complete]
Info: Compiling main.c to obj/default/main.o
nios2-elf-gcc -xc -MP -MMD -c -I../final_project_collector_v4_bsp//HAL/inc -I../final_project_collector_v4_bsp/ -I../final_project_collector_v4_bsp//drivers/inc  -pipe -D__hal__ -DALT_NO_INSTRUCTION_EMULATION -DALT_SINGLE_THREADED    -O0 -g -Wall   -mno-hw-div -mhw-mul -mno-hw-mulx -mgpopt=global  -o obj/default/main.o main.c
main.c: In function 'print_array_v':
main.c:192:4: warning: implicit declaration of function 'alt_printf' [-Wimplicit-function-declaration]
    alt_printf("%x, ", (a[i] & 0xFF));
    ^
main.c: In function 'timer_int_handler':
main.c:247:34: warning: suggest parentheses around '+' in operand of '&' [-Wparentheses]
   dig_P2 = (test_output[4] << 8) + (test_output[3])& 0xFFFF;
                                  ^
main.c:265:34: warning: suggest parentheses around '+' in operand of '&' [-Wparentheses]
   dig_H2 = (test_output[2] << 8) + (test_output[1])& 0xFFFF;
                                  ^
main.c:267:34: warning: suggest parentheses around '+' in operand of '&' [-Wparentheses]
   dig_H4 = (test_output[4] << 4) + (test_output[5] & 0x0F)& 0xFFF;
                                  ^
main.c:268:34: warning: suggest parentheses around '+' in operand of '&' [-Wparentheses]
   dig_H5 = (test_output[6] << 4) + (test_output[5] & 0xF0)& 0xFFF;
                                  ^
main.c:293:7: warning: variable 'j' set but not used [-Wunused-but-set-variable]
   int j =0;
       ^
main.c: In function 'pio_init':
main.c:356:2: warning: implicit declaration of function 'alt_irq_register' [-Wimplicit-function-declaration]
  alt_irq_register(TIMER_0_IRQ, TIMER_0_BASE, timer_int_handler);
  ^
Info: Linking final_project_collector_v4.elf
nios2-elf-g++  -T'../final_project_collector_v4_bsp//linker.x' -msys-crt0='../final_project_collector_v4_bsp//obj/HAL/src/crt0.o' -msys-lib=hal_bsp -L../final_project_collector_v4_bsp/   -Wl,-Map=final_project_collector_v4.map   -O0 -g -Wall   -mno-hw-div -mhw-mul -mno-hw-mulx -mgpopt=global  -o final_project_collector_v4.elf obj/default/main.o -lm -msys-lib=m
nios2-elf-insert final_project_collector_v4.elf --thread_model hal --cpu_name nios2_gen2_0 --qsys true --simulation_enabled false --id 0 --sidp 0x2130 --timestamp 1638731574 --stderr_dev jtag_uart_0 --stdin_dev jtag_uart_0 --stdout_dev jtag_uart_0 --sopc_system_name nios_system --quartus_project_dir "C:/Users/Daniel/Desktop/course_content/fall_2021/ece178/greenhouse-monitoring-system-FPGA/data_collector_system" --jdi ../..//output_files/final_project.jdi --sopcinfo C:/Users/Daniel/Desktop/course_content/fall_2021/ece178/greenhouse-monitoring-system-FPGA/data_collector_system/software/final_project_collector_v4_bsp/../../nios_system.sopcinfo
Info: (final_project_collector_v4.elf) 79 KBytes program size (code + initialized data).
Info:                                  16298 KBytes free for stack + heap.
Info: Creating final_project_collector_v4.objdump
nios2-elf-objdump --disassemble --syms --all-header --source final_project_collector_v4.elf >final_project_collector_v4.objdump
[final_project_collector_v4 build complete]
